<?xml version="1.0" encoding="UTF-8"?>
<!-- Generated by org.testng.reporters.JUnitReportReporter -->
<testsuite skipped="0" hostname="AR-NB-603" name="automationcraft.delivery.runners.nmarinucci.NMRunner" tests="1" failures="0" timestamp="12 ene 2022 18:19:37 GMT" time="70.374" errors="0">
  <testcase name="runScenario" time="70.374" classname="automationcraft.delivery.runners.nmarinucci.NMRunner"/>
</testsuite> <!-- automationcraft.delivery.runners.nmarinucci.NMRunner -->
