<?xml version="1.0" encoding="UTF-8"?>
<!-- Generated by org.testng.reporters.JUnitReportReporter -->
<testsuite skipped="0" hostname="AR-NB-603" name="automationcraft.delivery.runners.google.GRunner" tests="2" failures="0" timestamp="10 ene 2022 14:56:30 GMT" time="7.364" errors="0">
  <testcase name="runScenario" time="4.732" classname="automationcraft.delivery.runners.google.GRunner"/>
  <testcase name="runScenario" time="2.632" classname="automationcraft.delivery.runners.google.GRunner"/>
</testsuite> <!-- automationcraft.delivery.runners.google.GRunner -->
